<?xml version="1.0" encoding="UTF-8"?>
<!-- Generated by org.testng.reporters.JUnitReportReporter -->
<testsuite hostname="SHARP" failures="0" tests="5" name="post_hook_Api_Testing.Post_Hook_API_Testing" time="7.936" errors="0" timestamp="2024-10-02T16:36:52 IST" skipped="0">
  <testcase classname="post_hook_Api_Testing.Post_Hook_API_Testing" name="schedule" time="4.029"/>
  <system-out/>
  <testcase classname="post_hook_Api_Testing.Post_Hook_API_Testing" name="getHooks" time="1.125"/>
  <system-out/>
  <testcase classname="post_hook_Api_Testing.Post_Hook_API_Testing" name="getHookBy_ID" time="0.974"/>
  <system-out/>
  <testcase classname="post_hook_Api_Testing.Post_Hook_API_Testing" name="updateHook" time="0.884"/>
  <system-out/>
  <testcase classname="post_hook_Api_Testing.Post_Hook_API_Testing" name="deleteHook" time="0.924"/>
  <system-out/>
</testsuite> <!-- post_hook_Api_Testing.Post_Hook_API_Testing -->
